2022-08-15 17:33:18,859 ERROR 7834 [-/127.0.0.1/-/0ms GET /] nodejs.ECONNRESETError: read ECONNRESET
    at TCP.onStreamRead (internal/stream_base_commons.js:209:20)
    --------------------
    at Protocol._enqueue (/Users/yining.zhao/Desktop/monitor/monitor-server/node_modules/mysql/lib/protocol/Protocol.js:144:48)
    at Protocol.handshake (/Users/yining.zhao/Desktop/monitor/monitor-server/node_modules/mysql/lib/protocol/Protocol.js:51:23)
    at PoolConnection.connect (/Users/yining.zhao/Desktop/monitor/monitor-server/node_modules/mysql/lib/Connection.js:116:18)
    at Pool.getConnection (/Users/yining.zhao/Desktop/monitor/monitor-server/node_modules/mysql/lib/Pool.js:48:16)
    at /Users/yining.zhao/Desktop/monitor/monitor-server/node_modules/ali-rds/node_modules/pify/index.js:29:7
    at new Promise (<anonymous>)
    at Pool.<anonymous> (/Users/yining.zhao/Desktop/monitor/monitor-server/node_modules/ali-rds/node_modules/pify/index.js:12:10)
    at Pool.ret [as getConnection] (/Users/yining.zhao/Desktop/monitor/monitor-server/node_modules/ali-rds/node_modules/pify/index.js:56:34)
    at Pool.query (/Users/yining.zhao/Desktop/monitor/monitor-server/node_modules/mysql/lib/Pool.js:202:8)
    at /Users/yining.zhao/Desktop/monitor/monitor-server/node_modules/ali-rds/node_modules/pify/index.js:29:7
    sql: select now() as currentTime;
errno: -54
code: "ECONNRESET"
syscall: "read"
fatal: true
name: "ECONNRESETError"
pid: 7834
hostname: zhaoyining-mac.local

