2022-08-14 20:05:34,472 INFO 48236 [egg-schedule]: register schedule /Users/yining.zhao/Desktop/test/monitor-server/node_modules/egg-multipart/app/schedule/clean_tmpdir.js
2022-08-14 20:05:34,472 INFO 48236 [egg-schedule]: register schedule /Users/yining.zhao/Desktop/test/monitor-server/node_modules/egg-logrotator/app/schedule/clean_log.js
2022-08-14 20:05:34,472 INFO 48236 [egg-schedule]: register schedule /Users/yining.zhao/Desktop/test/monitor-server/node_modules/egg-logrotator/app/schedule/rotate_by_file.js
2022-08-14 20:05:34,634 INFO 48232 [Timer] /Users/yining.zhao/Desktop/test/monitor-server/node_modules/egg-multipart/app/schedule/clean_tmpdir.js next time will execute after 30265369ms at 2022-08-15 04:30:00.003
2022-08-14 20:05:34,634 INFO 48232 [Timer] /Users/yining.zhao/Desktop/test/monitor-server/node_modules/egg-logrotator/app/schedule/clean_log.js next time will execute after 14065366ms at 2022-08-15 00:00:00.000
2022-08-14 20:05:34,634 INFO 48232 [Timer] /Users/yining.zhao/Desktop/test/monitor-server/node_modules/egg-logrotator/app/schedule/rotate_by_file.js next time will execute after 14066366ms at 2022-08-15 00:00:01.000
2022-08-14 20:05:43,525 INFO 48282 [egg-schedule]: register schedule /Users/yining.zhao/Desktop/test/monitor-server/node_modules/egg-multipart/app/schedule/clean_tmpdir.js
2022-08-14 20:05:43,525 INFO 48282 [egg-schedule]: register schedule /Users/yining.zhao/Desktop/test/monitor-server/node_modules/egg-logrotator/app/schedule/clean_log.js
2022-08-14 20:05:43,525 INFO 48282 [egg-schedule]: register schedule /Users/yining.zhao/Desktop/test/monitor-server/node_modules/egg-logrotator/app/schedule/rotate_by_file.js
2022-08-14 20:05:52,125 INFO 48393 [egg-schedule]: register schedule /Users/yining.zhao/Desktop/test/monitor-server/node_modules/egg-multipart/app/schedule/clean_tmpdir.js
2022-08-14 20:05:52,126 INFO 48393 [egg-schedule]: register schedule /Users/yining.zhao/Desktop/test/monitor-server/node_modules/egg-logrotator/app/schedule/clean_log.js
2022-08-14 20:05:52,126 INFO 48393 [egg-schedule]: register schedule /Users/yining.zhao/Desktop/test/monitor-server/node_modules/egg-logrotator/app/schedule/rotate_by_file.js
2022-08-14 20:05:53,078 INFO 48401 [egg-schedule]: register schedule /Users/yining.zhao/Desktop/test/monitor-server/node_modules/egg-multipart/app/schedule/clean_tmpdir.js
2022-08-14 20:05:53,078 INFO 48401 [egg-schedule]: register schedule /Users/yining.zhao/Desktop/test/monitor-server/node_modules/egg-logrotator/app/schedule/clean_log.js
2022-08-14 20:05:53,078 INFO 48401 [egg-schedule]: register schedule /Users/yining.zhao/Desktop/test/monitor-server/node_modules/egg-logrotator/app/schedule/rotate_by_file.js
2022-08-14 20:07:45,614 INFO 48619 [egg-schedule]: register schedule /Users/yining.zhao/Desktop/test/monitor-server/node_modules/egg-multipart/app/schedule/clean_tmpdir.js
2022-08-14 20:07:45,614 INFO 48619 [egg-schedule]: register schedule /Users/yining.zhao/Desktop/test/monitor-server/node_modules/egg-logrotator/app/schedule/clean_log.js
2022-08-14 20:07:45,614 INFO 48619 [egg-schedule]: register schedule /Users/yining.zhao/Desktop/test/monitor-server/node_modules/egg-logrotator/app/schedule/rotate_by_file.js
2022-08-14 20:07:47,127 INFO 48625 [egg-schedule]: register schedule /Users/yining.zhao/Desktop/test/monitor-server/node_modules/egg-multipart/app/schedule/clean_tmpdir.js
2022-08-14 20:07:47,127 INFO 48625 [egg-schedule]: register schedule /Users/yining.zhao/Desktop/test/monitor-server/node_modules/egg-logrotator/app/schedule/clean_log.js
2022-08-14 20:07:47,127 INFO 48625 [egg-schedule]: register schedule /Users/yining.zhao/Desktop/test/monitor-server/node_modules/egg-logrotator/app/schedule/rotate_by_file.js
2022-08-14 20:08:08,067 INFO 48678 [egg-schedule]: register schedule /Users/yining.zhao/Desktop/test/monitor-server/node_modules/egg-multipart/app/schedule/clean_tmpdir.js
2022-08-14 20:08:08,067 INFO 48678 [egg-schedule]: register schedule /Users/yining.zhao/Desktop/test/monitor-server/node_modules/egg-logrotator/app/schedule/clean_log.js
2022-08-14 20:08:08,067 INFO 48678 [egg-schedule]: register schedule /Users/yining.zhao/Desktop/test/monitor-server/node_modules/egg-logrotator/app/schedule/rotate_by_file.js
2022-08-14 20:08:09,742 INFO 48684 [egg-schedule]: register schedule /Users/yining.zhao/Desktop/test/monitor-server/node_modules/egg-multipart/app/schedule/clean_tmpdir.js
2022-08-14 20:08:09,742 INFO 48684 [egg-schedule]: register schedule /Users/yining.zhao/Desktop/test/monitor-server/node_modules/egg-logrotator/app/schedule/clean_log.js
2022-08-14 20:08:09,743 INFO 48684 [egg-schedule]: register schedule /Users/yining.zhao/Desktop/test/monitor-server/node_modules/egg-logrotator/app/schedule/rotate_by_file.js
2022-08-14 20:08:16,043 INFO 48707 [egg-schedule]: register schedule /Users/yining.zhao/Desktop/test/monitor-server/node_modules/egg-multipart/app/schedule/clean_tmpdir.js
2022-08-14 20:08:16,043 INFO 48707 [egg-schedule]: register schedule /Users/yining.zhao/Desktop/test/monitor-server/node_modules/egg-logrotator/app/schedule/clean_log.js
2022-08-14 20:08:16,043 INFO 48707 [egg-schedule]: register schedule /Users/yining.zhao/Desktop/test/monitor-server/node_modules/egg-logrotator/app/schedule/rotate_by_file.js
2022-08-14 20:08:17,898 INFO 48715 [egg-schedule]: register schedule /Users/yining.zhao/Desktop/test/monitor-server/node_modules/egg-multipart/app/schedule/clean_tmpdir.js
2022-08-14 20:08:17,898 INFO 48715 [egg-schedule]: register schedule /Users/yining.zhao/Desktop/test/monitor-server/node_modules/egg-logrotator/app/schedule/clean_log.js
2022-08-14 20:08:17,898 INFO 48715 [egg-schedule]: register schedule /Users/yining.zhao/Desktop/test/monitor-server/node_modules/egg-logrotator/app/schedule/rotate_by_file.js
2022-08-14 20:09:02,829 INFO 48848 [egg-schedule]: register schedule /Users/yining.zhao/Desktop/test/monitor-server/node_modules/egg-multipart/app/schedule/clean_tmpdir.js
2022-08-14 20:09:02,829 INFO 48848 [egg-schedule]: register schedule /Users/yining.zhao/Desktop/test/monitor-server/node_modules/egg-logrotator/app/schedule/clean_log.js
2022-08-14 20:09:02,829 INFO 48848 [egg-schedule]: register schedule /Users/yining.zhao/Desktop/test/monitor-server/node_modules/egg-logrotator/app/schedule/rotate_by_file.js
2022-08-14 20:11:03,174 INFO 49211 [egg-schedule]: register schedule /Users/yining.zhao/Desktop/test/monitor-server/node_modules/egg-multipart/app/schedule/clean_tmpdir.js
2022-08-14 20:11:03,174 INFO 49211 [egg-schedule]: register schedule /Users/yining.zhao/Desktop/test/monitor-server/node_modules/egg-logrotator/app/schedule/clean_log.js
2022-08-14 20:11:03,174 INFO 49211 [egg-schedule]: register schedule /Users/yining.zhao/Desktop/test/monitor-server/node_modules/egg-logrotator/app/schedule/rotate_by_file.js
2022-08-14 20:11:03,320 INFO 49210 [Timer] /Users/yining.zhao/Desktop/test/monitor-server/node_modules/egg-multipart/app/schedule/clean_tmpdir.js next time will execute after 29936683ms at 2022-08-15 04:30:00.003
2022-08-14 20:11:03,320 INFO 49210 [Timer] /Users/yining.zhao/Desktop/test/monitor-server/node_modules/egg-logrotator/app/schedule/clean_log.js next time will execute after 13736680ms at 2022-08-15 00:00:00.000
2022-08-14 20:11:03,321 INFO 49210 [Timer] /Users/yining.zhao/Desktop/test/monitor-server/node_modules/egg-logrotator/app/schedule/rotate_by_file.js next time will execute after 13737680ms at 2022-08-15 00:00:01.001
2022-08-14 20:11:21,273 INFO 49220 [egg-schedule]: register schedule /Users/yining.zhao/Desktop/test/monitor-server/node_modules/egg-multipart/app/schedule/clean_tmpdir.js
2022-08-14 20:11:21,273 INFO 49220 [egg-schedule]: register schedule /Users/yining.zhao/Desktop/test/monitor-server/node_modules/egg-logrotator/app/schedule/clean_log.js
2022-08-14 20:11:21,273 INFO 49220 [egg-schedule]: register schedule /Users/yining.zhao/Desktop/test/monitor-server/node_modules/egg-logrotator/app/schedule/rotate_by_file.js
2022-08-14 20:11:23,287 INFO 49227 [egg-schedule]: register schedule /Users/yining.zhao/Desktop/test/monitor-server/node_modules/egg-multipart/app/schedule/clean_tmpdir.js
2022-08-14 20:11:23,287 INFO 49227 [egg-schedule]: register schedule /Users/yining.zhao/Desktop/test/monitor-server/node_modules/egg-logrotator/app/schedule/clean_log.js
2022-08-14 20:11:23,287 INFO 49227 [egg-schedule]: register schedule /Users/yining.zhao/Desktop/test/monitor-server/node_modules/egg-logrotator/app/schedule/rotate_by_file.js
2022-08-14 20:11:24,201 INFO 49233 [egg-schedule]: register schedule /Users/yining.zhao/Desktop/test/monitor-server/node_modules/egg-multipart/app/schedule/clean_tmpdir.js
2022-08-14 20:11:24,201 INFO 49233 [egg-schedule]: register schedule /Users/yining.zhao/Desktop/test/monitor-server/node_modules/egg-logrotator/app/schedule/clean_log.js
2022-08-14 20:11:24,201 INFO 49233 [egg-schedule]: register schedule /Users/yining.zhao/Desktop/test/monitor-server/node_modules/egg-logrotator/app/schedule/rotate_by_file.js
2022-08-14 20:11:52,670 INFO 49244 [egg-schedule]: register schedule /Users/yining.zhao/Desktop/test/monitor-server/node_modules/egg-multipart/app/schedule/clean_tmpdir.js
2022-08-14 20:11:52,670 INFO 49244 [egg-schedule]: register schedule /Users/yining.zhao/Desktop/test/monitor-server/node_modules/egg-logrotator/app/schedule/clean_log.js
2022-08-14 20:11:52,670 INFO 49244 [egg-schedule]: register schedule /Users/yining.zhao/Desktop/test/monitor-server/node_modules/egg-logrotator/app/schedule/rotate_by_file.js
2022-08-14 20:12:29,884 INFO 49300 [egg-schedule]: register schedule /Users/yining.zhao/Desktop/test/monitor-server/node_modules/egg-multipart/app/schedule/clean_tmpdir.js
2022-08-14 20:12:29,884 INFO 49300 [egg-schedule]: register schedule /Users/yining.zhao/Desktop/test/monitor-server/node_modules/egg-logrotator/app/schedule/clean_log.js
2022-08-14 20:12:29,884 INFO 49300 [egg-schedule]: register schedule /Users/yining.zhao/Desktop/test/monitor-server/node_modules/egg-logrotator/app/schedule/rotate_by_file.js
2022-08-14 20:12:38,914 INFO 49309 [egg-schedule]: register schedule /Users/yining.zhao/Desktop/test/monitor-server/node_modules/egg-multipart/app/schedule/clean_tmpdir.js
2022-08-14 20:12:38,914 INFO 49309 [egg-schedule]: register schedule /Users/yining.zhao/Desktop/test/monitor-server/node_modules/egg-logrotator/app/schedule/clean_log.js
2022-08-14 20:12:38,914 INFO 49309 [egg-schedule]: register schedule /Users/yining.zhao/Desktop/test/monitor-server/node_modules/egg-logrotator/app/schedule/rotate_by_file.js
2022-08-14 20:12:39,826 INFO 49312 [egg-schedule]: register schedule /Users/yining.zhao/Desktop/test/monitor-server/node_modules/egg-multipart/app/schedule/clean_tmpdir.js
2022-08-14 20:12:39,826 INFO 49312 [egg-schedule]: register schedule /Users/yining.zhao/Desktop/test/monitor-server/node_modules/egg-logrotator/app/schedule/clean_log.js
2022-08-14 20:12:39,826 INFO 49312 [egg-schedule]: register schedule /Users/yining.zhao/Desktop/test/monitor-server/node_modules/egg-logrotator/app/schedule/rotate_by_file.js
2022-08-14 20:12:51,717 INFO 49333 [egg-schedule]: register schedule /Users/yining.zhao/Desktop/test/monitor-server/node_modules/egg-multipart/app/schedule/clean_tmpdir.js
2022-08-14 20:12:51,717 INFO 49333 [egg-schedule]: register schedule /Users/yining.zhao/Desktop/test/monitor-server/node_modules/egg-logrotator/app/schedule/clean_log.js
2022-08-14 20:12:51,717 INFO 49333 [egg-schedule]: register schedule /Users/yining.zhao/Desktop/test/monitor-server/node_modules/egg-logrotator/app/schedule/rotate_by_file.js
2022-08-14 20:12:53,905 INFO 49339 [egg-schedule]: register schedule /Users/yining.zhao/Desktop/test/monitor-server/node_modules/egg-multipart/app/schedule/clean_tmpdir.js
2022-08-14 20:12:53,905 INFO 49339 [egg-schedule]: register schedule /Users/yining.zhao/Desktop/test/monitor-server/node_modules/egg-logrotator/app/schedule/clean_log.js
2022-08-14 20:12:53,905 INFO 49339 [egg-schedule]: register schedule /Users/yining.zhao/Desktop/test/monitor-server/node_modules/egg-logrotator/app/schedule/rotate_by_file.js
2022-08-14 20:12:54,933 INFO 49342 [egg-schedule]: register schedule /Users/yining.zhao/Desktop/test/monitor-server/node_modules/egg-multipart/app/schedule/clean_tmpdir.js
2022-08-14 20:12:54,933 INFO 49342 [egg-schedule]: register schedule /Users/yining.zhao/Desktop/test/monitor-server/node_modules/egg-logrotator/app/schedule/clean_log.js
2022-08-14 20:12:54,933 INFO 49342 [egg-schedule]: register schedule /Users/yining.zhao/Desktop/test/monitor-server/node_modules/egg-logrotator/app/schedule/rotate_by_file.js
2022-08-14 20:12:55,848 INFO 49347 [egg-schedule]: register schedule /Users/yining.zhao/Desktop/test/monitor-server/node_modules/egg-multipart/app/schedule/clean_tmpdir.js
2022-08-14 20:12:55,848 INFO 49347 [egg-schedule]: register schedule /Users/yining.zhao/Desktop/test/monitor-server/node_modules/egg-logrotator/app/schedule/clean_log.js
2022-08-14 20:12:55,848 INFO 49347 [egg-schedule]: register schedule /Users/yining.zhao/Desktop/test/monitor-server/node_modules/egg-logrotator/app/schedule/rotate_by_file.js
2022-08-14 20:13:02,954 INFO 49361 [egg-schedule]: register schedule /Users/yining.zhao/Desktop/test/monitor-server/node_modules/egg-multipart/app/schedule/clean_tmpdir.js
2022-08-14 20:13:02,954 INFO 49361 [egg-schedule]: register schedule /Users/yining.zhao/Desktop/test/monitor-server/node_modules/egg-logrotator/app/schedule/clean_log.js
2022-08-14 20:13:02,954 INFO 49361 [egg-schedule]: register schedule /Users/yining.zhao/Desktop/test/monitor-server/node_modules/egg-logrotator/app/schedule/rotate_by_file.js
2022-08-14 20:13:06,444 INFO 49368 [egg-schedule]: register schedule /Users/yining.zhao/Desktop/test/monitor-server/node_modules/egg-multipart/app/schedule/clean_tmpdir.js
2022-08-14 20:13:06,444 INFO 49368 [egg-schedule]: register schedule /Users/yining.zhao/Desktop/test/monitor-server/node_modules/egg-logrotator/app/schedule/clean_log.js
2022-08-14 20:13:06,444 INFO 49368 [egg-schedule]: register schedule /Users/yining.zhao/Desktop/test/monitor-server/node_modules/egg-logrotator/app/schedule/rotate_by_file.js
2022-08-14 20:13:07,438 INFO 49371 [egg-schedule]: register schedule /Users/yining.zhao/Desktop/test/monitor-server/node_modules/egg-multipart/app/schedule/clean_tmpdir.js
2022-08-14 20:13:07,438 INFO 49371 [egg-schedule]: register schedule /Users/yining.zhao/Desktop/test/monitor-server/node_modules/egg-logrotator/app/schedule/clean_log.js
2022-08-14 20:13:07,438 INFO 49371 [egg-schedule]: register schedule /Users/yining.zhao/Desktop/test/monitor-server/node_modules/egg-logrotator/app/schedule/rotate_by_file.js
2022-08-14 20:13:33,273 INFO 49385 [egg-schedule]: register schedule /Users/yining.zhao/Desktop/test/monitor-server/node_modules/egg-multipart/app/schedule/clean_tmpdir.js
2022-08-14 20:13:33,273 INFO 49385 [egg-schedule]: register schedule /Users/yining.zhao/Desktop/test/monitor-server/node_modules/egg-logrotator/app/schedule/clean_log.js
2022-08-14 20:13:33,273 INFO 49385 [egg-schedule]: register schedule /Users/yining.zhao/Desktop/test/monitor-server/node_modules/egg-logrotator/app/schedule/rotate_by_file.js
2022-08-14 20:13:34,274 INFO 49391 [egg-schedule]: register schedule /Users/yining.zhao/Desktop/test/monitor-server/node_modules/egg-multipart/app/schedule/clean_tmpdir.js
2022-08-14 20:13:34,274 INFO 49391 [egg-schedule]: register schedule /Users/yining.zhao/Desktop/test/monitor-server/node_modules/egg-logrotator/app/schedule/clean_log.js
2022-08-14 20:13:34,274 INFO 49391 [egg-schedule]: register schedule /Users/yining.zhao/Desktop/test/monitor-server/node_modules/egg-logrotator/app/schedule/rotate_by_file.js
2022-08-14 20:13:53,469 INFO 49409 [egg-schedule]: register schedule /Users/yining.zhao/Desktop/test/monitor-server/node_modules/egg-multipart/app/schedule/clean_tmpdir.js
2022-08-14 20:13:53,469 INFO 49409 [egg-schedule]: register schedule /Users/yining.zhao/Desktop/test/monitor-server/node_modules/egg-logrotator/app/schedule/clean_log.js
2022-08-14 20:13:53,469 INFO 49409 [egg-schedule]: register schedule /Users/yining.zhao/Desktop/test/monitor-server/node_modules/egg-logrotator/app/schedule/rotate_by_file.js
2022-08-14 20:15:05,046 INFO 49475 [egg-schedule]: register schedule /Users/yining.zhao/Desktop/test/monitor-server/node_modules/egg-multipart/app/schedule/clean_tmpdir.js
2022-08-14 20:15:05,046 INFO 49475 [egg-schedule]: register schedule /Users/yining.zhao/Desktop/test/monitor-server/node_modules/egg-logrotator/app/schedule/clean_log.js
2022-08-14 20:15:05,046 INFO 49475 [egg-schedule]: register schedule /Users/yining.zhao/Desktop/test/monitor-server/node_modules/egg-logrotator/app/schedule/rotate_by_file.js
2022-08-14 20:15:06,067 INFO 49486 [egg-schedule]: register schedule /Users/yining.zhao/Desktop/test/monitor-server/node_modules/egg-multipart/app/schedule/clean_tmpdir.js
2022-08-14 20:15:06,067 INFO 49486 [egg-schedule]: register schedule /Users/yining.zhao/Desktop/test/monitor-server/node_modules/egg-logrotator/app/schedule/clean_log.js
2022-08-14 20:15:06,067 INFO 49486 [egg-schedule]: register schedule /Users/yining.zhao/Desktop/test/monitor-server/node_modules/egg-logrotator/app/schedule/rotate_by_file.js
2022-08-14 20:15:08,723 INFO 49489 [egg-schedule]: register schedule /Users/yining.zhao/Desktop/test/monitor-server/node_modules/egg-multipart/app/schedule/clean_tmpdir.js
2022-08-14 20:15:08,723 INFO 49489 [egg-schedule]: register schedule /Users/yining.zhao/Desktop/test/monitor-server/node_modules/egg-logrotator/app/schedule/clean_log.js
2022-08-14 20:15:08,723 INFO 49489 [egg-schedule]: register schedule /Users/yining.zhao/Desktop/test/monitor-server/node_modules/egg-logrotator/app/schedule/rotate_by_file.js
2022-08-14 20:15:13,542 INFO 49498 [egg-schedule]: register schedule /Users/yining.zhao/Desktop/test/monitor-server/node_modules/egg-multipart/app/schedule/clean_tmpdir.js
2022-08-14 20:15:13,542 INFO 49498 [egg-schedule]: register schedule /Users/yining.zhao/Desktop/test/monitor-server/node_modules/egg-logrotator/app/schedule/clean_log.js
2022-08-14 20:15:13,542 INFO 49498 [egg-schedule]: register schedule /Users/yining.zhao/Desktop/test/monitor-server/node_modules/egg-logrotator/app/schedule/rotate_by_file.js
2022-08-14 20:15:26,798 INFO 49506 [egg-schedule]: register schedule /Users/yining.zhao/Desktop/test/monitor-server/node_modules/egg-multipart/app/schedule/clean_tmpdir.js
2022-08-14 20:15:26,798 INFO 49506 [egg-schedule]: register schedule /Users/yining.zhao/Desktop/test/monitor-server/node_modules/egg-logrotator/app/schedule/clean_log.js
2022-08-14 20:15:26,798 INFO 49506 [egg-schedule]: register schedule /Users/yining.zhao/Desktop/test/monitor-server/node_modules/egg-logrotator/app/schedule/rotate_by_file.js
2022-08-14 20:15:27,910 INFO 49511 [egg-schedule]: register schedule /Users/yining.zhao/Desktop/test/monitor-server/node_modules/egg-multipart/app/schedule/clean_tmpdir.js
2022-08-14 20:15:27,910 INFO 49511 [egg-schedule]: register schedule /Users/yining.zhao/Desktop/test/monitor-server/node_modules/egg-logrotator/app/schedule/clean_log.js
2022-08-14 20:15:27,910 INFO 49511 [egg-schedule]: register schedule /Users/yining.zhao/Desktop/test/monitor-server/node_modules/egg-logrotator/app/schedule/rotate_by_file.js
2022-08-14 20:15:39,494 INFO 49580 [egg-schedule]: register schedule /Users/yining.zhao/Desktop/test/monitor-server/node_modules/egg-multipart/app/schedule/clean_tmpdir.js
2022-08-14 20:15:39,494 INFO 49580 [egg-schedule]: register schedule /Users/yining.zhao/Desktop/test/monitor-server/node_modules/egg-logrotator/app/schedule/clean_log.js
2022-08-14 20:15:39,494 INFO 49580 [egg-schedule]: register schedule /Users/yining.zhao/Desktop/test/monitor-server/node_modules/egg-logrotator/app/schedule/rotate_by_file.js
2022-08-14 20:15:40,690 INFO 49590 [egg-schedule]: register schedule /Users/yining.zhao/Desktop/test/monitor-server/node_modules/egg-multipart/app/schedule/clean_tmpdir.js
2022-08-14 20:15:40,690 INFO 49590 [egg-schedule]: register schedule /Users/yining.zhao/Desktop/test/monitor-server/node_modules/egg-logrotator/app/schedule/clean_log.js
2022-08-14 20:15:40,690 INFO 49590 [egg-schedule]: register schedule /Users/yining.zhao/Desktop/test/monitor-server/node_modules/egg-logrotator/app/schedule/rotate_by_file.js
2022-08-14 20:16:22,347 INFO 49630 [egg-schedule]: register schedule /Users/yining.zhao/Desktop/test/monitor-server/node_modules/egg-multipart/app/schedule/clean_tmpdir.js
2022-08-14 20:16:22,347 INFO 49630 [egg-schedule]: register schedule /Users/yining.zhao/Desktop/test/monitor-server/node_modules/egg-logrotator/app/schedule/clean_log.js
2022-08-14 20:16:22,347 INFO 49630 [egg-schedule]: register schedule /Users/yining.zhao/Desktop/test/monitor-server/node_modules/egg-logrotator/app/schedule/rotate_by_file.js
2022-08-14 20:16:32,881 INFO 49650 [egg-schedule]: register schedule /Users/yining.zhao/Desktop/test/monitor-server/node_modules/egg-multipart/app/schedule/clean_tmpdir.js
2022-08-14 20:16:32,881 INFO 49650 [egg-schedule]: register schedule /Users/yining.zhao/Desktop/test/monitor-server/node_modules/egg-logrotator/app/schedule/clean_log.js
2022-08-14 20:16:32,881 INFO 49650 [egg-schedule]: register schedule /Users/yining.zhao/Desktop/test/monitor-server/node_modules/egg-logrotator/app/schedule/rotate_by_file.js
2022-08-14 20:16:33,004 INFO 49644 [Timer] /Users/yining.zhao/Desktop/test/monitor-server/node_modules/egg-multipart/app/schedule/clean_tmpdir.js next time will execute after 29606999ms at 2022-08-15 04:30:00.003
2022-08-14 20:16:33,004 INFO 49644 [Timer] /Users/yining.zhao/Desktop/test/monitor-server/node_modules/egg-logrotator/app/schedule/clean_log.js next time will execute after 13406996ms at 2022-08-15 00:00:00.000
2022-08-14 20:16:33,004 INFO 49644 [Timer] /Users/yining.zhao/Desktop/test/monitor-server/node_modules/egg-logrotator/app/schedule/rotate_by_file.js next time will execute after 13407996ms at 2022-08-15 00:00:01.000
2022-08-14 20:16:50,052 INFO 49667 [egg-schedule]: register schedule /Users/yining.zhao/Desktop/test/monitor-server/node_modules/egg-multipart/app/schedule/clean_tmpdir.js
2022-08-14 20:16:50,052 INFO 49667 [egg-schedule]: register schedule /Users/yining.zhao/Desktop/test/monitor-server/node_modules/egg-logrotator/app/schedule/clean_log.js
2022-08-14 20:16:50,052 INFO 49667 [egg-schedule]: register schedule /Users/yining.zhao/Desktop/test/monitor-server/node_modules/egg-logrotator/app/schedule/rotate_by_file.js
2022-08-14 20:17:05,254 INFO 49690 [egg-schedule]: register schedule /Users/yining.zhao/Desktop/test/monitor-server/node_modules/egg-multipart/app/schedule/clean_tmpdir.js
2022-08-14 20:17:05,254 INFO 49690 [egg-schedule]: register schedule /Users/yining.zhao/Desktop/test/monitor-server/node_modules/egg-logrotator/app/schedule/clean_log.js
2022-08-14 20:17:05,255 INFO 49690 [egg-schedule]: register schedule /Users/yining.zhao/Desktop/test/monitor-server/node_modules/egg-logrotator/app/schedule/rotate_by_file.js
2022-08-14 20:17:06,730 INFO 49697 [egg-schedule]: register schedule /Users/yining.zhao/Desktop/test/monitor-server/node_modules/egg-multipart/app/schedule/clean_tmpdir.js
2022-08-14 20:17:06,730 INFO 49697 [egg-schedule]: register schedule /Users/yining.zhao/Desktop/test/monitor-server/node_modules/egg-logrotator/app/schedule/clean_log.js
2022-08-14 20:17:06,730 INFO 49697 [egg-schedule]: register schedule /Users/yining.zhao/Desktop/test/monitor-server/node_modules/egg-logrotator/app/schedule/rotate_by_file.js
2022-08-14 20:17:32,063 INFO 49731 [egg-schedule]: register schedule /Users/yining.zhao/Desktop/test/monitor-server/node_modules/egg-multipart/app/schedule/clean_tmpdir.js
2022-08-14 20:17:32,063 INFO 49731 [egg-schedule]: register schedule /Users/yining.zhao/Desktop/test/monitor-server/node_modules/egg-logrotator/app/schedule/clean_log.js
2022-08-14 20:17:32,063 INFO 49731 [egg-schedule]: register schedule /Users/yining.zhao/Desktop/test/monitor-server/node_modules/egg-logrotator/app/schedule/rotate_by_file.js
2022-08-14 20:17:33,312 INFO 49736 [egg-schedule]: register schedule /Users/yining.zhao/Desktop/test/monitor-server/node_modules/egg-multipart/app/schedule/clean_tmpdir.js
2022-08-14 20:17:33,313 INFO 49736 [egg-schedule]: register schedule /Users/yining.zhao/Desktop/test/monitor-server/node_modules/egg-logrotator/app/schedule/clean_log.js
2022-08-14 20:17:33,313 INFO 49736 [egg-schedule]: register schedule /Users/yining.zhao/Desktop/test/monitor-server/node_modules/egg-logrotator/app/schedule/rotate_by_file.js
2022-08-14 20:20:29,202 INFO 49767 [egg-schedule]: register schedule /Users/yining.zhao/Desktop/test/monitor-server/node_modules/egg-multipart/app/schedule/clean_tmpdir.js
2022-08-14 20:20:29,202 INFO 49767 [egg-schedule]: register schedule /Users/yining.zhao/Desktop/test/monitor-server/node_modules/egg-logrotator/app/schedule/clean_log.js
2022-08-14 20:20:29,202 INFO 49767 [egg-schedule]: register schedule /Users/yining.zhao/Desktop/test/monitor-server/node_modules/egg-logrotator/app/schedule/rotate_by_file.js
2022-08-14 20:20:30,340 INFO 49774 [egg-schedule]: register schedule /Users/yining.zhao/Desktop/test/monitor-server/node_modules/egg-multipart/app/schedule/clean_tmpdir.js
2022-08-14 20:20:30,340 INFO 49774 [egg-schedule]: register schedule /Users/yining.zhao/Desktop/test/monitor-server/node_modules/egg-logrotator/app/schedule/clean_log.js
2022-08-14 20:20:30,340 INFO 49774 [egg-schedule]: register schedule /Users/yining.zhao/Desktop/test/monitor-server/node_modules/egg-logrotator/app/schedule/rotate_by_file.js
2022-08-14 20:20:37,321 INFO 49785 [egg-schedule]: register schedule /Users/yining.zhao/Desktop/test/monitor-server/node_modules/egg-multipart/app/schedule/clean_tmpdir.js
2022-08-14 20:20:37,321 INFO 49785 [egg-schedule]: register schedule /Users/yining.zhao/Desktop/test/monitor-server/node_modules/egg-logrotator/app/schedule/clean_log.js
2022-08-14 20:20:37,321 INFO 49785 [egg-schedule]: register schedule /Users/yining.zhao/Desktop/test/monitor-server/node_modules/egg-logrotator/app/schedule/rotate_by_file.js
2022-08-14 20:20:49,857 INFO 49798 [egg-schedule]: register schedule /Users/yining.zhao/Desktop/test/monitor-server/node_modules/egg-multipart/app/schedule/clean_tmpdir.js
2022-08-14 20:20:49,857 INFO 49798 [egg-schedule]: register schedule /Users/yining.zhao/Desktop/test/monitor-server/node_modules/egg-logrotator/app/schedule/clean_log.js
2022-08-14 20:20:49,857 INFO 49798 [egg-schedule]: register schedule /Users/yining.zhao/Desktop/test/monitor-server/node_modules/egg-logrotator/app/schedule/rotate_by_file.js
2022-08-14 20:21:00,114 INFO 49810 [egg-schedule]: register schedule /Users/yining.zhao/Desktop/test/monitor-server/node_modules/egg-multipart/app/schedule/clean_tmpdir.js
2022-08-14 20:21:00,114 INFO 49810 [egg-schedule]: register schedule /Users/yining.zhao/Desktop/test/monitor-server/node_modules/egg-logrotator/app/schedule/clean_log.js
2022-08-14 20:21:00,114 INFO 49810 [egg-schedule]: register schedule /Users/yining.zhao/Desktop/test/monitor-server/node_modules/egg-logrotator/app/schedule/rotate_by_file.js
2022-08-14 20:21:02,076 INFO 49819 [egg-schedule]: register schedule /Users/yining.zhao/Desktop/test/monitor-server/node_modules/egg-multipart/app/schedule/clean_tmpdir.js
2022-08-14 20:21:02,076 INFO 49819 [egg-schedule]: register schedule /Users/yining.zhao/Desktop/test/monitor-server/node_modules/egg-logrotator/app/schedule/clean_log.js
2022-08-14 20:21:02,076 INFO 49819 [egg-schedule]: register schedule /Users/yining.zhao/Desktop/test/monitor-server/node_modules/egg-logrotator/app/schedule/rotate_by_file.js
2022-08-14 20:21:03,049 INFO 49822 [egg-schedule]: register schedule /Users/yining.zhao/Desktop/test/monitor-server/node_modules/egg-multipart/app/schedule/clean_tmpdir.js
2022-08-14 20:21:03,049 INFO 49822 [egg-schedule]: register schedule /Users/yining.zhao/Desktop/test/monitor-server/node_modules/egg-logrotator/app/schedule/clean_log.js
2022-08-14 20:21:03,049 INFO 49822 [egg-schedule]: register schedule /Users/yining.zhao/Desktop/test/monitor-server/node_modules/egg-logrotator/app/schedule/rotate_by_file.js
2022-08-14 20:25:53,716 INFO 50147 [egg-schedule]: register schedule /Users/yining.zhao/Desktop/test/monitor-server/node_modules/egg-multipart/app/schedule/clean_tmpdir.js
2022-08-14 20:25:53,716 INFO 50147 [egg-schedule]: register schedule /Users/yining.zhao/Desktop/test/monitor-server/node_modules/egg-logrotator/app/schedule/clean_log.js
2022-08-14 20:25:53,716 INFO 50147 [egg-schedule]: register schedule /Users/yining.zhao/Desktop/test/monitor-server/node_modules/egg-logrotator/app/schedule/rotate_by_file.js
2022-08-14 20:25:53,844 INFO 50145 [Timer] /Users/yining.zhao/Desktop/test/monitor-server/node_modules/egg-multipart/app/schedule/clean_tmpdir.js next time will execute after 29046158ms at 2022-08-15 04:30:00.002
2022-08-14 20:25:53,844 INFO 50145 [Timer] /Users/yining.zhao/Desktop/test/monitor-server/node_modules/egg-logrotator/app/schedule/clean_log.js next time will execute after 12846156ms at 2022-08-15 00:00:00.000
2022-08-14 20:25:53,845 INFO 50145 [Timer] /Users/yining.zhao/Desktop/test/monitor-server/node_modules/egg-logrotator/app/schedule/rotate_by_file.js next time will execute after 12847156ms at 2022-08-15 00:00:01.001
2022-08-14 20:26:04,857 INFO 50161 [egg-schedule]: register schedule /Users/yining.zhao/Desktop/test/monitor-server/node_modules/egg-multipart/app/schedule/clean_tmpdir.js
2022-08-14 20:26:04,857 INFO 50161 [egg-schedule]: register schedule /Users/yining.zhao/Desktop/test/monitor-server/node_modules/egg-logrotator/app/schedule/clean_log.js
2022-08-14 20:26:04,857 INFO 50161 [egg-schedule]: register schedule /Users/yining.zhao/Desktop/test/monitor-server/node_modules/egg-logrotator/app/schedule/rotate_by_file.js
2022-08-14 20:26:11,803 INFO 50175 [egg-schedule]: register schedule /Users/yining.zhao/Desktop/test/monitor-server/node_modules/egg-multipart/app/schedule/clean_tmpdir.js
2022-08-14 20:26:11,803 INFO 50175 [egg-schedule]: register schedule /Users/yining.zhao/Desktop/test/monitor-server/node_modules/egg-logrotator/app/schedule/clean_log.js
2022-08-14 20:26:11,803 INFO 50175 [egg-schedule]: register schedule /Users/yining.zhao/Desktop/test/monitor-server/node_modules/egg-logrotator/app/schedule/rotate_by_file.js
2022-08-14 20:26:13,162 INFO 50178 [egg-schedule]: register schedule /Users/yining.zhao/Desktop/test/monitor-server/node_modules/egg-multipart/app/schedule/clean_tmpdir.js
2022-08-14 20:26:13,162 INFO 50178 [egg-schedule]: register schedule /Users/yining.zhao/Desktop/test/monitor-server/node_modules/egg-logrotator/app/schedule/clean_log.js
2022-08-14 20:26:13,162 INFO 50178 [egg-schedule]: register schedule /Users/yining.zhao/Desktop/test/monitor-server/node_modules/egg-logrotator/app/schedule/rotate_by_file.js
2022-08-14 20:26:25,306 INFO 50191 [egg-schedule]: register schedule /Users/yining.zhao/Desktop/test/monitor-server/node_modules/egg-multipart/app/schedule/clean_tmpdir.js
2022-08-14 20:26:25,306 INFO 50191 [egg-schedule]: register schedule /Users/yining.zhao/Desktop/test/monitor-server/node_modules/egg-logrotator/app/schedule/clean_log.js
2022-08-14 20:26:25,306 INFO 50191 [egg-schedule]: register schedule /Users/yining.zhao/Desktop/test/monitor-server/node_modules/egg-logrotator/app/schedule/rotate_by_file.js
2022-08-14 20:26:28,757 INFO 50199 [egg-schedule]: register schedule /Users/yining.zhao/Desktop/test/monitor-server/node_modules/egg-multipart/app/schedule/clean_tmpdir.js
2022-08-14 20:26:28,757 INFO 50199 [egg-schedule]: register schedule /Users/yining.zhao/Desktop/test/monitor-server/node_modules/egg-logrotator/app/schedule/clean_log.js
2022-08-14 20:26:28,757 INFO 50199 [egg-schedule]: register schedule /Users/yining.zhao/Desktop/test/monitor-server/node_modules/egg-logrotator/app/schedule/rotate_by_file.js
2022-08-14 20:26:39,030 INFO 50206 [egg-schedule]: register schedule /Users/yining.zhao/Desktop/test/monitor-server/node_modules/egg-multipart/app/schedule/clean_tmpdir.js
2022-08-14 20:26:39,030 INFO 50206 [egg-schedule]: register schedule /Users/yining.zhao/Desktop/test/monitor-server/node_modules/egg-logrotator/app/schedule/clean_log.js
2022-08-14 20:26:39,030 INFO 50206 [egg-schedule]: register schedule /Users/yining.zhao/Desktop/test/monitor-server/node_modules/egg-logrotator/app/schedule/rotate_by_file.js
2022-08-14 20:28:33,110 INFO 50347 [Timer] /Users/yining.zhao/Desktop/test/monitor-server/node_modules/egg-multipart/app/schedule/clean_tmpdir.js next time will execute after 28886893ms at 2022-08-15 04:30:00.003
2022-08-14 20:28:33,110 INFO 50347 [Timer] /Users/yining.zhao/Desktop/test/monitor-server/node_modules/egg-logrotator/app/schedule/clean_log.js next time will execute after 12686890ms at 2022-08-15 00:00:00.000
2022-08-14 20:28:33,110 INFO 50347 [Timer] /Users/yining.zhao/Desktop/test/monitor-server/node_modules/egg-logrotator/app/schedule/rotate_by_file.js next time will execute after 12687890ms at 2022-08-15 00:00:01.000
2022-08-14 20:28:32,994 INFO 50348 [egg-schedule]: register schedule /Users/yining.zhao/Desktop/test/monitor-server/node_modules/egg-multipart/app/schedule/clean_tmpdir.js
2022-08-14 20:28:32,994 INFO 50348 [egg-schedule]: register schedule /Users/yining.zhao/Desktop/test/monitor-server/node_modules/egg-logrotator/app/schedule/clean_log.js
2022-08-14 20:28:32,994 INFO 50348 [egg-schedule]: register schedule /Users/yining.zhao/Desktop/test/monitor-server/node_modules/egg-logrotator/app/schedule/rotate_by_file.js
2022-08-14 20:28:43,735 INFO 50359 [egg-schedule]: register schedule /Users/yining.zhao/Desktop/test/monitor-server/node_modules/egg-multipart/app/schedule/clean_tmpdir.js
2022-08-14 20:28:43,735 INFO 50359 [egg-schedule]: register schedule /Users/yining.zhao/Desktop/test/monitor-server/node_modules/egg-logrotator/app/schedule/clean_log.js
2022-08-14 20:28:43,735 INFO 50359 [egg-schedule]: register schedule /Users/yining.zhao/Desktop/test/monitor-server/node_modules/egg-logrotator/app/schedule/rotate_by_file.js
2022-08-14 20:29:26,698 INFO 50385 [egg-schedule]: register schedule /Users/yining.zhao/Desktop/test/monitor-server/node_modules/egg-multipart/app/schedule/clean_tmpdir.js
2022-08-14 20:29:26,698 INFO 50385 [egg-schedule]: register schedule /Users/yining.zhao/Desktop/test/monitor-server/node_modules/egg-logrotator/app/schedule/clean_log.js
2022-08-14 20:29:26,698 INFO 50385 [egg-schedule]: register schedule /Users/yining.zhao/Desktop/test/monitor-server/node_modules/egg-logrotator/app/schedule/rotate_by_file.js
2022-08-14 20:29:27,738 INFO 50388 [egg-schedule]: register schedule /Users/yining.zhao/Desktop/test/monitor-server/node_modules/egg-multipart/app/schedule/clean_tmpdir.js
2022-08-14 20:29:27,738 INFO 50388 [egg-schedule]: register schedule /Users/yining.zhao/Desktop/test/monitor-server/node_modules/egg-logrotator/app/schedule/clean_log.js
2022-08-14 20:29:27,738 INFO 50388 [egg-schedule]: register schedule /Users/yining.zhao/Desktop/test/monitor-server/node_modules/egg-logrotator/app/schedule/rotate_by_file.js
2022-08-14 20:29:39,676 INFO 50399 [egg-schedule]: register schedule /Users/yining.zhao/Desktop/test/monitor-server/node_modules/egg-multipart/app/schedule/clean_tmpdir.js
2022-08-14 20:29:39,676 INFO 50399 [egg-schedule]: register schedule /Users/yining.zhao/Desktop/test/monitor-server/node_modules/egg-logrotator/app/schedule/clean_log.js
2022-08-14 20:29:39,676 INFO 50399 [egg-schedule]: register schedule /Users/yining.zhao/Desktop/test/monitor-server/node_modules/egg-logrotator/app/schedule/rotate_by_file.js
2022-08-14 20:29:40,677 INFO 50402 [egg-schedule]: register schedule /Users/yining.zhao/Desktop/test/monitor-server/node_modules/egg-multipart/app/schedule/clean_tmpdir.js
2022-08-14 20:29:40,677 INFO 50402 [egg-schedule]: register schedule /Users/yining.zhao/Desktop/test/monitor-server/node_modules/egg-logrotator/app/schedule/clean_log.js
2022-08-14 20:29:40,677 INFO 50402 [egg-schedule]: register schedule /Users/yining.zhao/Desktop/test/monitor-server/node_modules/egg-logrotator/app/schedule/rotate_by_file.js
2022-08-14 20:29:57,866 INFO 50412 [egg-schedule]: register schedule /Users/yining.zhao/Desktop/test/monitor-server/node_modules/egg-multipart/app/schedule/clean_tmpdir.js
2022-08-14 20:29:57,866 INFO 50412 [egg-schedule]: register schedule /Users/yining.zhao/Desktop/test/monitor-server/node_modules/egg-logrotator/app/schedule/clean_log.js
2022-08-14 20:29:57,866 INFO 50412 [egg-schedule]: register schedule /Users/yining.zhao/Desktop/test/monitor-server/node_modules/egg-logrotator/app/schedule/rotate_by_file.js
2022-08-14 20:29:59,185 INFO 50417 [egg-schedule]: register schedule /Users/yining.zhao/Desktop/test/monitor-server/node_modules/egg-multipart/app/schedule/clean_tmpdir.js
2022-08-14 20:29:59,185 INFO 50417 [egg-schedule]: register schedule /Users/yining.zhao/Desktop/test/monitor-server/node_modules/egg-logrotator/app/schedule/clean_log.js
2022-08-14 20:29:59,185 INFO 50417 [egg-schedule]: register schedule /Users/yining.zhao/Desktop/test/monitor-server/node_modules/egg-logrotator/app/schedule/rotate_by_file.js
2022-08-14 20:30:56,098 INFO 50436 [egg-schedule]: register schedule /Users/yining.zhao/Desktop/test/monitor-server/node_modules/egg-multipart/app/schedule/clean_tmpdir.js
2022-08-14 20:30:56,098 INFO 50436 [egg-schedule]: register schedule /Users/yining.zhao/Desktop/test/monitor-server/node_modules/egg-logrotator/app/schedule/clean_log.js
2022-08-14 20:30:56,098 INFO 50436 [egg-schedule]: register schedule /Users/yining.zhao/Desktop/test/monitor-server/node_modules/egg-logrotator/app/schedule/rotate_by_file.js
2022-08-14 20:30:58,155 INFO 50446 [egg-schedule]: register schedule /Users/yining.zhao/Desktop/test/monitor-server/node_modules/egg-multipart/app/schedule/clean_tmpdir.js
2022-08-14 20:30:58,155 INFO 50446 [egg-schedule]: register schedule /Users/yining.zhao/Desktop/test/monitor-server/node_modules/egg-logrotator/app/schedule/clean_log.js
2022-08-14 20:30:58,155 INFO 50446 [egg-schedule]: register schedule /Users/yining.zhao/Desktop/test/monitor-server/node_modules/egg-logrotator/app/schedule/rotate_by_file.js
2022-08-14 20:31:03,591 INFO 50453 [egg-schedule]: register schedule /Users/yining.zhao/Desktop/test/monitor-server/node_modules/egg-multipart/app/schedule/clean_tmpdir.js
2022-08-14 20:31:03,591 INFO 50453 [egg-schedule]: register schedule /Users/yining.zhao/Desktop/test/monitor-server/node_modules/egg-logrotator/app/schedule/clean_log.js
2022-08-14 20:31:03,591 INFO 50453 [egg-schedule]: register schedule /Users/yining.zhao/Desktop/test/monitor-server/node_modules/egg-logrotator/app/schedule/rotate_by_file.js
2022-08-14 20:31:07,845 INFO 50463 [egg-schedule]: register schedule /Users/yining.zhao/Desktop/test/monitor-server/node_modules/egg-multipart/app/schedule/clean_tmpdir.js
2022-08-14 20:31:07,845 INFO 50463 [egg-schedule]: register schedule /Users/yining.zhao/Desktop/test/monitor-server/node_modules/egg-logrotator/app/schedule/clean_log.js
2022-08-14 20:31:07,845 INFO 50463 [egg-schedule]: register schedule /Users/yining.zhao/Desktop/test/monitor-server/node_modules/egg-logrotator/app/schedule/rotate_by_file.js
2022-08-14 20:31:31,907 INFO 50476 [egg-schedule]: register schedule /Users/yining.zhao/Desktop/test/monitor-server/node_modules/egg-multipart/app/schedule/clean_tmpdir.js
2022-08-14 20:31:31,907 INFO 50476 [egg-schedule]: register schedule /Users/yining.zhao/Desktop/test/monitor-server/node_modules/egg-logrotator/app/schedule/clean_log.js
2022-08-14 20:31:31,907 INFO 50476 [egg-schedule]: register schedule /Users/yining.zhao/Desktop/test/monitor-server/node_modules/egg-logrotator/app/schedule/rotate_by_file.js
2022-08-14 20:31:34,007 INFO 50483 [egg-schedule]: register schedule /Users/yining.zhao/Desktop/test/monitor-server/node_modules/egg-multipart/app/schedule/clean_tmpdir.js
2022-08-14 20:31:34,007 INFO 50483 [egg-schedule]: register schedule /Users/yining.zhao/Desktop/test/monitor-server/node_modules/egg-logrotator/app/schedule/clean_log.js
2022-08-14 20:31:34,007 INFO 50483 [egg-schedule]: register schedule /Users/yining.zhao/Desktop/test/monitor-server/node_modules/egg-logrotator/app/schedule/rotate_by_file.js
2022-08-14 20:31:35,261 INFO 50486 [egg-schedule]: register schedule /Users/yining.zhao/Desktop/test/monitor-server/node_modules/egg-multipart/app/schedule/clean_tmpdir.js
2022-08-14 20:31:35,261 INFO 50486 [egg-schedule]: register schedule /Users/yining.zhao/Desktop/test/monitor-server/node_modules/egg-logrotator/app/schedule/clean_log.js
2022-08-14 20:31:35,261 INFO 50486 [egg-schedule]: register schedule /Users/yining.zhao/Desktop/test/monitor-server/node_modules/egg-logrotator/app/schedule/rotate_by_file.js
2022-08-14 20:31:55,376 INFO 50497 [egg-schedule]: register schedule /Users/yining.zhao/Desktop/test/monitor-server/node_modules/egg-multipart/app/schedule/clean_tmpdir.js
2022-08-14 20:31:55,376 INFO 50497 [egg-schedule]: register schedule /Users/yining.zhao/Desktop/test/monitor-server/node_modules/egg-logrotator/app/schedule/clean_log.js
2022-08-14 20:31:55,376 INFO 50497 [egg-schedule]: register schedule /Users/yining.zhao/Desktop/test/monitor-server/node_modules/egg-logrotator/app/schedule/rotate_by_file.js
2022-08-14 20:33:36,571 INFO 50818 [egg-schedule]: register schedule /Users/yining.zhao/Desktop/test/monitor-server/node_modules/egg-multipart/app/schedule/clean_tmpdir.js
2022-08-14 20:33:36,571 INFO 50818 [egg-schedule]: register schedule /Users/yining.zhao/Desktop/test/monitor-server/node_modules/egg-logrotator/app/schedule/clean_log.js
2022-08-14 20:33:36,571 INFO 50818 [egg-schedule]: register schedule /Users/yining.zhao/Desktop/test/monitor-server/node_modules/egg-logrotator/app/schedule/rotate_by_file.js
2022-08-14 20:33:38,520 INFO 50823 [egg-schedule]: register schedule /Users/yining.zhao/Desktop/test/monitor-server/node_modules/egg-multipart/app/schedule/clean_tmpdir.js
2022-08-14 20:33:38,520 INFO 50823 [egg-schedule]: register schedule /Users/yining.zhao/Desktop/test/monitor-server/node_modules/egg-logrotator/app/schedule/clean_log.js
2022-08-14 20:33:38,520 INFO 50823 [egg-schedule]: register schedule /Users/yining.zhao/Desktop/test/monitor-server/node_modules/egg-logrotator/app/schedule/rotate_by_file.js
2022-08-14 20:35:52,885 INFO 50847 [egg-schedule]: register schedule /Users/yining.zhao/Desktop/test/monitor-server/node_modules/egg-multipart/app/schedule/clean_tmpdir.js
2022-08-14 20:35:52,885 INFO 50847 [egg-schedule]: register schedule /Users/yining.zhao/Desktop/test/monitor-server/node_modules/egg-logrotator/app/schedule/clean_log.js
2022-08-14 20:35:52,885 INFO 50847 [egg-schedule]: register schedule /Users/yining.zhao/Desktop/test/monitor-server/node_modules/egg-logrotator/app/schedule/rotate_by_file.js
2022-08-14 20:37:21,587 INFO 50885 [egg-schedule]: register schedule /Users/yining.zhao/Desktop/test/monitor-server/node_modules/egg-multipart/app/schedule/clean_tmpdir.js
2022-08-14 20:37:21,587 INFO 50885 [egg-schedule]: register schedule /Users/yining.zhao/Desktop/test/monitor-server/node_modules/egg-logrotator/app/schedule/clean_log.js
2022-08-14 20:37:21,587 INFO 50885 [egg-schedule]: register schedule /Users/yining.zhao/Desktop/test/monitor-server/node_modules/egg-logrotator/app/schedule/rotate_by_file.js
2022-08-14 20:37:22,840 INFO 50890 [egg-schedule]: register schedule /Users/yining.zhao/Desktop/test/monitor-server/node_modules/egg-multipart/app/schedule/clean_tmpdir.js
2022-08-14 20:37:22,840 INFO 50890 [egg-schedule]: register schedule /Users/yining.zhao/Desktop/test/monitor-server/node_modules/egg-logrotator/app/schedule/clean_log.js
2022-08-14 20:37:22,840 INFO 50890 [egg-schedule]: register schedule /Users/yining.zhao/Desktop/test/monitor-server/node_modules/egg-logrotator/app/schedule/rotate_by_file.js
2022-08-14 20:37:44,503 INFO 50901 [egg-schedule]: register schedule /Users/yining.zhao/Desktop/test/monitor-server/node_modules/egg-multipart/app/schedule/clean_tmpdir.js
2022-08-14 20:37:44,503 INFO 50901 [egg-schedule]: register schedule /Users/yining.zhao/Desktop/test/monitor-server/node_modules/egg-logrotator/app/schedule/clean_log.js
2022-08-14 20:37:44,503 INFO 50901 [egg-schedule]: register schedule /Users/yining.zhao/Desktop/test/monitor-server/node_modules/egg-logrotator/app/schedule/rotate_by_file.js
2022-08-14 20:37:46,495 INFO 50908 [egg-schedule]: register schedule /Users/yining.zhao/Desktop/test/monitor-server/node_modules/egg-multipart/app/schedule/clean_tmpdir.js
2022-08-14 20:37:46,495 INFO 50908 [egg-schedule]: register schedule /Users/yining.zhao/Desktop/test/monitor-server/node_modules/egg-logrotator/app/schedule/clean_log.js
2022-08-14 20:37:46,495 INFO 50908 [egg-schedule]: register schedule /Users/yining.zhao/Desktop/test/monitor-server/node_modules/egg-logrotator/app/schedule/rotate_by_file.js
2022-08-14 20:39:21,267 INFO 51053 [egg-schedule]: register schedule /Users/yining.zhao/Desktop/test/monitor-server/node_modules/egg-multipart/app/schedule/clean_tmpdir.js
2022-08-14 20:39:21,267 INFO 51053 [egg-schedule]: register schedule /Users/yining.zhao/Desktop/test/monitor-server/node_modules/egg-logrotator/app/schedule/clean_log.js
2022-08-14 20:39:21,267 INFO 51053 [egg-schedule]: register schedule /Users/yining.zhao/Desktop/test/monitor-server/node_modules/egg-logrotator/app/schedule/rotate_by_file.js
2022-08-14 20:39:27,914 INFO 51063 [egg-schedule]: register schedule /Users/yining.zhao/Desktop/test/monitor-server/node_modules/egg-multipart/app/schedule/clean_tmpdir.js
2022-08-14 20:39:27,914 INFO 51063 [egg-schedule]: register schedule /Users/yining.zhao/Desktop/test/monitor-server/node_modules/egg-logrotator/app/schedule/clean_log.js
2022-08-14 20:39:27,914 INFO 51063 [egg-schedule]: register schedule /Users/yining.zhao/Desktop/test/monitor-server/node_modules/egg-logrotator/app/schedule/rotate_by_file.js
2022-08-15 16:49:06,812 INFO 6943 [egg-schedule]: register schedule /Users/yining.zhao/Desktop/monitor/monitor-server/node_modules/egg-multipart/app/schedule/clean_tmpdir.js
2022-08-15 16:49:06,812 INFO 6943 [egg-schedule]: register schedule /Users/yining.zhao/Desktop/monitor/monitor-server/node_modules/egg-logrotator/app/schedule/clean_log.js
2022-08-15 16:49:06,812 INFO 6943 [egg-schedule]: register schedule /Users/yining.zhao/Desktop/monitor/monitor-server/node_modules/egg-logrotator/app/schedule/rotate_by_file.js
2022-08-15 16:49:07,557 INFO 6936 [Timer] /Users/yining.zhao/Desktop/monitor/monitor-server/node_modules/egg-multipart/app/schedule/clean_tmpdir.js next time will execute after 42052447ms at 2022-08-16 04:30:00.004
2022-08-15 16:49:07,558 INFO 6936 [Timer] /Users/yining.zhao/Desktop/monitor/monitor-server/node_modules/egg-logrotator/app/schedule/clean_log.js next time will execute after 25852443ms at 2022-08-16 00:00:00.001
2022-08-15 16:49:07,558 INFO 6936 [Timer] /Users/yining.zhao/Desktop/monitor/monitor-server/node_modules/egg-logrotator/app/schedule/rotate_by_file.js next time will execute after 25853442ms at 2022-08-16 00:00:01.000
2022-08-15 17:33:18,515 INFO 7834 [egg-schedule]: register schedule /Users/yining.zhao/Desktop/monitor/monitor-server/node_modules/egg-multipart/app/schedule/clean_tmpdir.js
2022-08-15 17:33:18,515 INFO 7834 [egg-schedule]: register schedule /Users/yining.zhao/Desktop/monitor/monitor-server/node_modules/egg-logrotator/app/schedule/clean_log.js
2022-08-15 17:33:18,515 INFO 7834 [egg-schedule]: register schedule /Users/yining.zhao/Desktop/monitor/monitor-server/node_modules/egg-logrotator/app/schedule/rotate_by_file.js
